\BOOKMARK [1][-]{section.1}{Introduction}{}% 1
\BOOKMARK [2][-]{subsection.1.1}{Motivation}{section.1}% 2
\BOOKMARK [1][-]{section.2}{Abstract Design}{}% 3
\BOOKMARK [2][-]{subsection.2.1}{Tretrahelix}{section.2}% 4
\BOOKMARK [2][-]{subsection.2.2}{Linear Displacement to Cartesian}{section.2}% 5
\BOOKMARK [2][-]{subsection.2.3}{The Turret Joint}{section.2}% 6
\BOOKMARK [2][-]{subsection.2.4}{Related Research}{section.2}% 7
\BOOKMARK [1][-]{section.3}{Method and Embodiment}{}% 8
\BOOKMARK [2][-]{subsection.3.1}{Linear Potentiometers}{section.3}% 9
\BOOKMARK [2][-]{subsection.3.2}{3D Printred parts}{section.3}% 10
\BOOKMARK [2][-]{subsection.3.3}{Microelectronics}{section.3}% 11
\BOOKMARK [2][-]{subsection.3.4}{System Design}{section.3}% 12
\BOOKMARK [1][-]{section.4}{Applications and Uses}{}% 13
\BOOKMARK [2][-]{subsection.4.1}{Animation and Shaping}{section.4}% 14
\BOOKMARK [2][-]{subsection.4.2}{Medical Telepresence}{section.4}% 15
\BOOKMARK [3][-]{subsubsection.4.2.1}{Extra-terrestrial robot manipulation}{subsection.4.2}% 16
\BOOKMARK [3][-]{subsubsection.4.2.2}{Tetrobot Telepresence Controller}{subsection.4.2}% 17
\BOOKMARK [1][-]{section.5}{Future Work}{}% 18
\BOOKMARK [2][-]{subsubsection.5.0.1}{Reuse of current open-source code and models}{section.5}% 19
\BOOKMARK [3][-]{subsubsection.5.0.2}{Camera-based direct Cartesian Sensing}{subsubsection.5.0.1}% 20
\BOOKMARK [2][-]{subsection.5.1}{Motivation}{section.5}% 21
\BOOKMARK [2][-]{subsection.5.2}{Concept: Gluss = Slug + Truss}{section.5}% 22
\BOOKMARK [1][-]{section.6}{The Turret Joint}{}% 23
\BOOKMARK [2][-]{subsection.6.1}{The Need}{section.6}% 24
\BOOKMARK [2][-]{subsection.6.2}{Geometry}{section.6}% 25
\BOOKMARK [2][-]{subsection.6.3}{Embodiment}{section.6}% 26
\BOOKMARK [2][-]{subsection.6.4}{Open Source Realizations}{section.6}% 27
\BOOKMARK [1][-]{section.7}{Related Research}{}% 28
\BOOKMARK [1][-]{section.8}{Placeholder for Photos}{}% 29
\BOOKMARK [1][-]{section.9}{Future Steps}{}% 30
\BOOKMARK [1][-]{section.10}{Contact and Getting Involved}{}% 31
